<?xml version="1.0" encoding="UTF-8"?>
<robot generator="Robot 4.1.3 (Python 3.8.10 on linux)" generated="20220328 14:37:03.948" rpa="false" schemaversion="2">
<suite id="s1" name="005-3DMap-PointCloud-Color" source="/home/local/KLASS/jean.gan/robotframework-browser-boston/BrowserTests/005-3DMap-PointCloud-Color.robot">
<test id="s1-t1" name="001_Move-Slider-SetColor">
<kw name="Set Screenshot Directory" library="BrowserFunctions">
<kw name="Set Screenshot Directory" library="Screenshot">
<arg>${ScreenshotPath}</arg>
<doc>Sets the directory where screenshots are saved.</doc>
<status status="PASS" starttime="20220328 14:37:05.753" endtime="20220328 14:37:05.765"/>
</kw>
<status status="PASS" starttime="20220328 14:37:05.752" endtime="20220328 14:37:05.765"/>
</kw>
<kw name="New Browser" library="Browser">
<arg>${Browser}</arg>
<arg>headless=${Headless}</arg>
<tag>BrowserControl</tag>
<tag>Setter</tag>
<doc>Create a new playwright Browser with specified options.</doc>
<msg timestamp="20220328 14:37:05.768" level="INFO">{"browser": "chromium", "headless": false, "handleSIGINT": true, "handleSIGTERM": true, "handleSIGHUP": true, "timeout": 30000.0, "devtools": false, "slowMo": 0.0, "tracesDir": "/home/local/KLASS/jean.gan/robotframework-browser-boston/BrowserTests/browser/traces/d1874dbe-3b3e-4a5a-a655-38683e49d22c"}</msg>
<msg timestamp="20220328 14:37:06.138" level="INFO">Successfully created browser with options: {"browser":"chromium","headless":false,"handleSIGINT":true,"handleSIGTERM":true,"handleSIGHUP":true,"timeout":30000,"devtools":false,"slowMo":0,"tracesDir":"/home/local/KLASS/jean.gan/robotframework-browser-boston/BrowserTests/browser/traces/d1874dbe-3b3e-4a5a-a655-38683e49d22c"}</msg>
<status status="PASS" starttime="20220328 14:37:05.766" endtime="20220328 14:37:06.138"/>
</kw>
<kw name="Open New Page To Server" library="BrowserFunctions">
<kw name="New Context" library="Browser">
<arg>&amp;{Browser-Default-Capabilities}</arg>
<tag>BrowserControl</tag>
<tag>Setter</tag>
<doc>Create a new BrowserContext with specified options.</doc>
<msg timestamp="20220328 14:37:06.140" level="INFO">{"acceptDownloads": true, "ignoreHTTPSErrors": true, "bypassCSP": false, "viewport": {"width": 1920, "height": 1080}, "deviceScaleFactor": 1.0, "isMobile": false, "hasTouch": false, "javaScriptEnabled": true, "offline": false, "hideRfBrowser": false, "reducedMotion": "no-preference", "forcedColors": "none"}</msg>
<msg timestamp="20220328 14:37:06.160" level="INFO">Successfully created context. </msg>
<msg timestamp="20220328 14:37:06.160" level="INFO">{'acceptDownloads': True, 'ignoreHTTPSErrors': True, 'bypassCSP': False, 'viewport': {'width': 1920, 'height': 1080}, 'deviceScaleFactor': 1, 'isMobile': False, 'hasTouch': False, 'javaScriptEnabled': True, 'offline': False, 'hideRfBrowser': False, 'reducedMotion': 'no-preference', 'forcedColors': 'none'}</msg>
<status status="PASS" starttime="20220328 14:37:06.139" endtime="20220328 14:37:06.160"/>
</kw>
<kw name="Set Browser Timeout" library="Browser">
<arg>${Default-Timeout}</arg>
<tag>Config</tag>
<tag>Setter</tag>
<doc>Sets the timeout used by most input and getter keywords.</doc>
<msg timestamp="20220328 14:37:06.165" level="INFO">Set timeout to: 30000</msg>
<status status="PASS" starttime="20220328 14:37:06.161" endtime="20220328 14:37:06.165"/>
</kw>
<kw name="New Page" library="Browser">
<arg>${Webpage}</arg>
<tag>BrowserControl</tag>
<tag>Setter</tag>
<doc>Open a new Page.</doc>
<msg timestamp="20220328 14:37:07.935" level="INFO">Successfully initialized new page object and opened url: http://localhost:3000/</msg>
<status status="PASS" starttime="20220328 14:37:06.165" endtime="20220328 14:37:07.935"/>
</kw>
<status status="PASS" starttime="20220328 14:37:06.138" endtime="20220328 14:37:07.935"/>
</kw>
<kw name="Verify Page Content before Launch or after Shutdown" library="BrowserFunctions">
<kw name="Wait For Elements State" library="Browser">
<arg>${Page-Content-Before-Launch-After-Shutdown}</arg>
<tag>PageContent</tag>
<tag>Wait</tag>
<doc>Waits for the element found by ``selector`` to satisfy state option.</doc>
<msg timestamp="20220328 14:37:07.988" level="INFO">Waited for Element with selector "Mapping service is currently not connected" at state visible</msg>
<status status="PASS" starttime="20220328 14:37:07.936" endtime="20220328 14:37:07.988"/>
</kw>
<status status="PASS" starttime="20220328 14:37:07.936" endtime="20220328 14:37:07.988"/>
</kw>
<kw name="Click Launch Button" library="BrowserFunctions">
<kw name="Click" library="Browser">
<arg>${Launch-Button}</arg>
<tag>PageContent</tag>
<tag>Setter</tag>
<doc>Simulates mouse click on the element found by ``selector``.</doc>
<status status="PASS" starttime="20220328 14:37:07.989" endtime="20220328 14:37:08.828"/>
</kw>
<kw name="Wait For Elements State" library="Browser">
<arg>${Mapping-Map}</arg>
<tag>PageContent</tag>
<tag>Wait</tag>
<doc>Waits for the element found by ``selector`` to satisfy state option.</doc>
<msg timestamp="20220328 14:37:09.111" level="INFO">Waited for Element with selector //div[@id="mappingMap"] at state visible</msg>
<status status="PASS" starttime="20220328 14:37:08.828" endtime="20220328 14:37:09.111"/>
</kw>
<status status="PASS" starttime="20220328 14:37:07.989" endtime="20220328 14:37:09.112"/>
</kw>
<kw name="Click 3D Map Button" library="BrowserFunctions">
<kw name="Click" library="Browser">
<arg>${3D-Map-Button}</arg>
<tag>PageContent</tag>
<tag>Setter</tag>
<doc>Simulates mouse click on the element found by ``selector``.</doc>
<status status="PASS" starttime="20220328 14:37:09.113" endtime="20220328 14:37:09.268"/>
</kw>
<kw name="Wait For Elements State" library="Browser">
<arg>//div[@id='ros3d']//img</arg>
<tag>PageContent</tag>
<tag>Wait</tag>
<doc>Waits for the element found by ``selector`` to satisfy state option.</doc>
<msg timestamp="20220328 14:37:09.278" level="INFO">Waited for Element with selector //div[@id='ros3d']//img at state visible</msg>
<status status="PASS" starttime="20220328 14:37:09.269" endtime="20220328 14:37:09.279"/>
</kw>
<status status="PASS" starttime="20220328 14:37:09.112" endtime="20220328 14:37:09.279"/>
</kw>
<kw name="Wait For Elements State" library="Browser">
<arg>${Point-Cloud-Expand-Group}</arg>
<tag>PageContent</tag>
<tag>Wait</tag>
<doc>Waits for the element found by ``selector`` to satisfy state option.</doc>
<msg timestamp="20220328 14:37:09.292" level="INFO">Waited for Element with selector //span[@class='ant-collapse-header-text'][normalize-space()='PointCloud'] at state visible</msg>
<status status="PASS" starttime="20220328 14:37:09.280" endtime="20220328 14:37:09.292"/>
</kw>
<kw name="Click" library="Browser">
<arg>${Point-Cloud-Expand-Group}</arg>
<tag>PageContent</tag>
<tag>Setter</tag>
<doc>Simulates mouse click on the element found by ``selector``.</doc>
<status status="PASS" starttime="20220328 14:37:09.292" endtime="20220328 14:37:09.369"/>
</kw>
<kw name="Sleep" library="BuiltIn">
<arg>2s</arg>
<doc>Pauses the test executed for the given time.</doc>
<msg timestamp="20220328 14:37:11.370" level="INFO">Slept 2 seconds</msg>
<status status="PASS" starttime="20220328 14:37:09.369" endtime="20220328 14:37:11.370"/>
</kw>
<kw name="Wait For Elements State" library="Browser">
<arg>//div[@class='ant-slider-handle']</arg>
<arg>visible</arg>
<tag>PageContent</tag>
<tag>Wait</tag>
<doc>Waits for the element found by ``selector`` to satisfy state option.</doc>
<msg timestamp="20220328 14:37:11.384" level="INFO">Waited for Element with selector //div[@class='ant-slider-handle'] at state visible</msg>
<status status="PASS" starttime="20220328 14:37:11.371" endtime="20220328 14:37:11.384"/>
</kw>
<kw name="Take Screenshot" library="Screenshot">
<arg>SizeInit5.jpg</arg>
<doc>Takes a screenshot in JPEG format and embeds it into the log file.</doc>
<msg timestamp="20220328 14:37:11.455" level="INFO" html="true">&lt;a href="screenshots/SizeInit5.jpg"&gt;&lt;img src="screenshots/SizeInit5.jpg" width="800px"&gt;&lt;/a&gt;</msg>
<status status="PASS" starttime="20220328 14:37:11.384" endtime="20220328 14:37:11.455"/>
</kw>
<kw name="Sleep" library="BuiltIn">
<arg>2 sec</arg>
<doc>Pauses the test executed for the given time.</doc>
<msg timestamp="20220328 14:37:13.456" level="INFO">Slept 2 seconds</msg>
<status status="PASS" starttime="20220328 14:37:11.456" endtime="20220328 14:37:13.457"/>
</kw>
<kw name="Move Slider" library="BrowserFunctions">
<arg>20</arg>
<kw name="Get BoundingBox" library="Browser">
<var>${width}</var>
<arg>//div[@class='ant-slider-step']</arg>
<arg>width</arg>
<tag>Assertion</tag>
<tag>Getter</tag>
<tag>PageContent</tag>
<doc>Gets elements size and location as an object ``{x: float, y: float, width: float, height: float}``.</doc>
<msg timestamp="20220328 14:37:13.478" level="INFO">Value of 'BoundingBoxFields.width'': 475.984375</msg>
<msg timestamp="20220328 14:37:13.478" level="INFO">${width} = 475.984375</msg>
<status status="PASS" starttime="20220328 14:37:13.458" endtime="20220328 14:37:13.478"/>
</kw>
<kw name="Log To Console" library="BuiltIn">
<arg>width is ${width}</arg>
<doc>Logs the given message to the console.</doc>
<status status="PASS" starttime="20220328 14:37:13.479" endtime="20220328 14:37:13.479"/>
</kw>
<kw name="Get Attribute" library="Browser">
<var>${start}</var>
<arg>//div[@role="slider"]</arg>
<arg>aria-valuenow</arg>
<tag>Assertion</tag>
<tag>Getter</tag>
<tag>PageContent</tag>
<doc>Returns the HTML ``attribute`` of the element found by ``selector``.</doc>
<msg timestamp="20220328 14:37:13.498" level="INFO">${start} = 5</msg>
<status status="PASS" starttime="20220328 14:37:13.480" endtime="20220328 14:37:13.499"/>
</kw>
<kw name="Log To Console" library="BuiltIn">
<arg>start is ${start}</arg>
<doc>Logs the given message to the console.</doc>
<status status="PASS" starttime="20220328 14:37:13.499" endtime="20220328 14:37:13.499"/>
</kw>
<kw name="Get Attribute" library="Browser">
<var>${max}</var>
<arg>//div[@role="slider"]</arg>
<arg>aria-valuemax</arg>
<tag>Assertion</tag>
<tag>Getter</tag>
<tag>PageContent</tag>
<doc>Returns the HTML ``attribute`` of the element found by ``selector``.</doc>
<msg timestamp="20220328 14:37:13.517" level="INFO">${max} = 30</msg>
<status status="PASS" starttime="20220328 14:37:13.500" endtime="20220328 14:37:13.517"/>
</kw>
<kw name="Log To Console" library="BuiltIn">
<arg>max is ${max}</arg>
<doc>Logs the given message to the console.</doc>
<status status="PASS" starttime="20220328 14:37:13.517" endtime="20220328 14:37:13.518"/>
</kw>
<kw name="Get Attribute" library="Browser">
<var>${min}</var>
<arg>//div[@role="slider"]</arg>
<arg>aria-valuemin</arg>
<tag>Assertion</tag>
<tag>Getter</tag>
<tag>PageContent</tag>
<doc>Returns the HTML ``attribute`` of the element found by ``selector``.</doc>
<msg timestamp="20220328 14:37:13.533" level="INFO">${min} = 1</msg>
<status status="PASS" starttime="20220328 14:37:13.518" endtime="20220328 14:37:13.533"/>
</kw>
<kw name="Log To Console" library="BuiltIn">
<arg>min is ${min}</arg>
<doc>Logs the given message to the console.</doc>
<status status="PASS" starttime="20220328 14:37:13.534" endtime="20220328 14:37:13.534"/>
</kw>
<kw name="Hover" library="Browser">
<arg>//div[@role="slider"]</arg>
<tag>PageContent</tag>
<tag>Setter</tag>
<doc>Moves the virtual mouse and scrolls to the element found by ``selector``.</doc>
<status status="PASS" starttime="20220328 14:37:13.535" endtime="20220328 14:37:13.600"/>
</kw>
<kw name="Mouse Button" library="Browser">
<arg>Down</arg>
<tag>PageContent</tag>
<tag>Setter</tag>
<doc>Clicks, presses or releases a mouse button.</doc>
<msg timestamp="20220328 14:37:13.601" level="INFO">No coordinates where set. Action appears at current position.</msg>
<status status="PASS" starttime="20220328 14:37:13.600" endtime="20220328 14:37:13.617"/>
</kw>
<kw name="Mouse Move Relative To" library="Browser">
<arg>//div[@role="slider"]</arg>
<arg>${{(${width} / (${max})) * ${steps}}}</arg>
<tag>PageContent</tag>
<tag>Setter</tag>
<doc>Moves the mouse cursor relative to the selected element.</doc>
<msg timestamp="20220328 14:37:13.630" level="INFO">Moving mouse relative to element center by x: 317.32291666666663, y: 0.0 coordinates.</msg>
<status status="PASS" starttime="20220328 14:37:13.618" endtime="20220328 14:37:13.726"/>
</kw>
<kw name="Mouse Button" library="Browser">
<arg>Up</arg>
<tag>PageContent</tag>
<tag>Setter</tag>
<doc>Clicks, presses or releases a mouse button.</doc>
<msg timestamp="20220328 14:37:13.727" level="INFO">No coordinates where set. Action appears at current position.</msg>
<status status="PASS" starttime="20220328 14:37:13.727" endtime="20220328 14:37:13.749"/>
</kw>
<kw name="Get Attribute" library="Browser">
<var>${stop}</var>
<arg>//div[@role="slider"]</arg>
<arg>aria-valuenow</arg>
<tag>Assertion</tag>
<tag>Getter</tag>
<tag>PageContent</tag>
<doc>Returns the HTML ``attribute`` of the element found by ``selector``.</doc>
<msg timestamp="20220328 14:37:13.887" level="INFO">${stop} = 24</msg>
<status status="PASS" starttime="20220328 14:37:13.749" endtime="20220328 14:37:13.887"/>
</kw>
<kw name="Log To Console" library="BuiltIn">
<arg>Moved Slider from ${start} to ${stop}</arg>
<doc>Logs the given message to the console.</doc>
<status status="PASS" starttime="20220328 14:37:13.887" endtime="20220328 14:37:13.888"/>
</kw>
<status status="PASS" starttime="20220328 14:37:13.457" endtime="20220328 14:37:13.889"/>
</kw>
<kw name="Sleep" library="BuiltIn">
<arg>2s</arg>
<doc>Pauses the test executed for the given time.</doc>
<msg timestamp="20220328 14:37:15.889" level="INFO">Slept 2 seconds</msg>
<status status="PASS" starttime="20220328 14:37:13.889" endtime="20220328 14:37:15.890"/>
</kw>
<kw name="Take Screenshot" library="Screenshot">
<arg>Size15.jpg</arg>
<doc>Takes a screenshot in JPEG format and embeds it into the log file.</doc>
<msg timestamp="20220328 14:37:15.954" level="INFO" html="true">&lt;a href="screenshots/Size15.jpg"&gt;&lt;img src="screenshots/Size15.jpg" width="800px"&gt;&lt;/a&gt;</msg>
<status status="PASS" starttime="20220328 14:37:15.890" endtime="20220328 14:37:15.954"/>
</kw>
<kw name="Verify Slider Position" library="BrowserFunctions">
<arg>24</arg>
<kw name="Get Attribute" library="Browser">
<arg>//div[@role="slider"]</arg>
<arg>aria-valuenow</arg>
<arg>==</arg>
<arg>${exp_pos}</arg>
<tag>Assertion</tag>
<tag>Getter</tag>
<tag>PageContent</tag>
<doc>Returns the HTML ``attribute`` of the element found by ``selector``.</doc>
<status status="PASS" starttime="20220328 14:37:15.955" endtime="20220328 14:37:16.089"/>
</kw>
<status status="PASS" starttime="20220328 14:37:15.954" endtime="20220328 14:37:16.089"/>
</kw>
<kw name="Run ROSBridge" library="BrowserFunctions">
<kw name="Run" library="OperatingSystem">
<arg>cd ~/catkin_ws</arg>
<doc>Runs the given command in the system and returns the output.</doc>
<msg timestamp="20220328 14:37:16.100" level="INFO">Running command 'cd ~/catkin_ws 2&gt;&amp;1'.</msg>
<status status="PASS" starttime="20220328 14:37:16.090" endtime="20220328 14:37:16.101"/>
</kw>
<kw name="Run" library="OperatingSystem">
<arg>source devel/setup.bash</arg>
<doc>Runs the given command in the system and returns the output.</doc>
<msg timestamp="20220328 14:37:16.109" level="INFO">Running command 'source devel/setup.bash 2&gt;&amp;1'.</msg>
<status status="PASS" starttime="20220328 14:37:16.101" endtime="20220328 14:37:16.110"/>
</kw>
<kw name="Run" library="OperatingSystem">
<var>${rosBridge}</var>
<arg>roslaunch rosbridge_server rosbridge_websocket.launch</arg>
<doc>Runs the given command in the system and returns the output.</doc>
<msg timestamp="20220328 14:37:16.118" level="INFO">Running command 'roslaunch rosbridge_server rosbridge_websocket.launch 2&gt;&amp;1'.</msg>
<msg timestamp="20220328 14:37:17.631" level="INFO">${rosBridge} = Traceback (most recent call last):
  File "/opt/ros/noetic/lib/rosapi/rosapi_node", line 34, in &lt;module&gt;
    import rospy
  File "/opt/ros/noetic/lib/python3/dist-packages/rospy/__init__.py", line 49,...</msg>
<status status="PASS" starttime="20220328 14:37:16.111" endtime="20220328 14:37:17.631"/>
</kw>
<kw name="Log To Console" library="BuiltIn">
<arg>\nRosBridge Websocket starts......${rosBridge}</arg>
<doc>Logs the given message to the console.</doc>
<status status="PASS" starttime="20220328 14:37:17.632" endtime="20220328 14:37:17.633"/>
</kw>
<status status="PASS" starttime="20220328 14:37:16.089" endtime="20220328 14:37:17.633"/>
</kw>
<kw name="Run ROSBag" library="BrowserFunctions">
<kw name="Run" library="OperatingSystem">
<var>${rosbagPlay}</var>
<arg>rosbag play -u 5 filtered_map.bag</arg>
<doc>Runs the given command in the system and returns the output.</doc>
<msg timestamp="20220328 14:37:17.642" level="INFO">Running command 'rosbag play -u 5 filtered_map.bag 2&gt;&amp;1'.</msg>
<msg timestamp="20220328 14:37:18.729" level="INFO">${rosbagPlay} = [0m[ INFO] [1648449438.043199518]: Opening filtered_map.bag[0m

Waiting 0.2 seconds after advertising topics... done.

Hit space to toggle paused, or 's' to step.

 [DELAYED]  Bag Time: 1648023776.0...</msg>
<status status="PASS" starttime="20220328 14:37:17.634" endtime="20220328 14:37:18.729"/>
</kw>
<kw name="Log To Console" library="BuiltIn">
<arg>\nThe rosbag running for 5s ${rosbagPlay}</arg>
<doc>Logs the given message to the console.</doc>
<status status="PASS" starttime="20220328 14:37:18.729" endtime="20220328 14:37:18.730"/>
</kw>
<status status="PASS" starttime="20220328 14:37:17.633" endtime="20220328 14:37:18.731"/>
</kw>
<kw name="Sleep" library="BuiltIn">
<arg>2s</arg>
<doc>Pauses the test executed for the given time.</doc>
<msg timestamp="20220328 14:37:20.732" level="INFO">Slept 2 seconds</msg>
<status status="PASS" starttime="20220328 14:37:18.731" endtime="20220328 14:37:20.732"/>
</kw>
<for flavor="IN">
<var>${color}</var>
<value>Red</value>
<value>Pink</value>
<value>Purple</value>
<value>Blue</value>
<value>Green</value>
<value>Yellow</value>
<value>Orange</value>
<value>Brown</value>
<value>Gray</value>
<iter>
<var name="${color}">Red</var>
<kw name="Set Color" library="BrowserFunctions">
<arg>${color}</arg>
<kw name="Click" library="Browser">
<arg>${${color}-Color-Button}</arg>
<tag>PageContent</tag>
<tag>Setter</tag>
<doc>Simulates mouse click on the element found by ``selector``.</doc>
<status status="PASS" starttime="20220328 14:37:20.734" endtime="20220328 14:37:20.967"/>
</kw>
<status status="PASS" starttime="20220328 14:37:20.733" endtime="20220328 14:37:20.968"/>
</kw>
<kw name="Sleep" library="BuiltIn">
<arg>2s</arg>
<doc>Pauses the test executed for the given time.</doc>
<msg timestamp="20220328 14:37:22.969" level="INFO">Slept 2 seconds</msg>
<status status="PASS" starttime="20220328 14:37:20.968" endtime="20220328 14:37:22.969"/>
</kw>
<kw name="Take Screenshot" library="Screenshot">
<arg>actual-3DMap-Size24-${color}.jpg</arg>
<doc>Takes a screenshot in JPEG format and embeds it into the log file.</doc>
<msg timestamp="20220328 14:37:23.040" level="INFO" html="true">&lt;a href="screenshots/actual-3DMap-Size24-Red.jpg"&gt;&lt;img src="screenshots/actual-3DMap-Size24-Red.jpg" width="800px"&gt;&lt;/a&gt;</msg>
<status status="PASS" starttime="20220328 14:37:22.969" endtime="20220328 14:37:23.040"/>
</kw>
<status status="PASS" starttime="20220328 14:37:20.733" endtime="20220328 14:37:23.040"/>
</iter>
<iter>
<var name="${color}">Pink</var>
<kw name="Set Color" library="BrowserFunctions">
<arg>${color}</arg>
<kw name="Click" library="Browser">
<arg>${${color}-Color-Button}</arg>
<tag>PageContent</tag>
<tag>Setter</tag>
<doc>Simulates mouse click on the element found by ``selector``.</doc>
<status status="PASS" starttime="20220328 14:37:23.041" endtime="20220328 14:37:23.117"/>
</kw>
<status status="PASS" starttime="20220328 14:37:23.041" endtime="20220328 14:37:23.118"/>
</kw>
<kw name="Sleep" library="BuiltIn">
<arg>2s</arg>
<doc>Pauses the test executed for the given time.</doc>
<msg timestamp="20220328 14:37:25.118" level="INFO">Slept 2 seconds</msg>
<status status="PASS" starttime="20220328 14:37:23.118" endtime="20220328 14:37:25.119"/>
</kw>
<kw name="Take Screenshot" library="Screenshot">
<arg>actual-3DMap-Size24-${color}.jpg</arg>
<doc>Takes a screenshot in JPEG format and embeds it into the log file.</doc>
<msg timestamp="20220328 14:37:25.186" level="INFO" html="true">&lt;a href="screenshots/actual-3DMap-Size24-Pink.jpg"&gt;&lt;img src="screenshots/actual-3DMap-Size24-Pink.jpg" width="800px"&gt;&lt;/a&gt;</msg>
<status status="PASS" starttime="20220328 14:37:25.119" endtime="20220328 14:37:25.186"/>
</kw>
<status status="PASS" starttime="20220328 14:37:23.041" endtime="20220328 14:37:25.186"/>
</iter>
<iter>
<var name="${color}">Purple</var>
<kw name="Set Color" library="BrowserFunctions">
<arg>${color}</arg>
<kw name="Click" library="Browser">
<arg>${${color}-Color-Button}</arg>
<tag>PageContent</tag>
<tag>Setter</tag>
<doc>Simulates mouse click on the element found by ``selector``.</doc>
<status status="PASS" starttime="20220328 14:37:25.187" endtime="20220328 14:37:25.263"/>
</kw>
<status status="PASS" starttime="20220328 14:37:25.186" endtime="20220328 14:37:25.264"/>
</kw>
<kw name="Sleep" library="BuiltIn">
<arg>2s</arg>
<doc>Pauses the test executed for the given time.</doc>
<msg timestamp="20220328 14:37:27.265" level="INFO">Slept 2 seconds</msg>
<status status="PASS" starttime="20220328 14:37:25.264" endtime="20220328 14:37:27.265"/>
</kw>
<kw name="Take Screenshot" library="Screenshot">
<arg>actual-3DMap-Size24-${color}.jpg</arg>
<doc>Takes a screenshot in JPEG format and embeds it into the log file.</doc>
<msg timestamp="20220328 14:37:27.330" level="INFO" html="true">&lt;a href="screenshots/actual-3DMap-Size24-Purple.jpg"&gt;&lt;img src="screenshots/actual-3DMap-Size24-Purple.jpg" width="800px"&gt;&lt;/a&gt;</msg>
<status status="PASS" starttime="20220328 14:37:27.265" endtime="20220328 14:37:27.330"/>
</kw>
<status status="PASS" starttime="20220328 14:37:25.186" endtime="20220328 14:37:27.330"/>
</iter>
<iter>
<var name="${color}">Blue</var>
<kw name="Set Color" library="BrowserFunctions">
<arg>${color}</arg>
<kw name="Click" library="Browser">
<arg>${${color}-Color-Button}</arg>
<tag>PageContent</tag>
<tag>Setter</tag>
<doc>Simulates mouse click on the element found by ``selector``.</doc>
<status status="PASS" starttime="20220328 14:37:27.331" endtime="20220328 14:37:27.395"/>
</kw>
<status status="PASS" starttime="20220328 14:37:27.331" endtime="20220328 14:37:27.395"/>
</kw>
<kw name="Sleep" library="BuiltIn">
<arg>2s</arg>
<doc>Pauses the test executed for the given time.</doc>
<msg timestamp="20220328 14:37:29.396" level="INFO">Slept 2 seconds</msg>
<status status="PASS" starttime="20220328 14:37:27.395" endtime="20220328 14:37:29.396"/>
</kw>
<kw name="Take Screenshot" library="Screenshot">
<arg>actual-3DMap-Size24-${color}.jpg</arg>
<doc>Takes a screenshot in JPEG format and embeds it into the log file.</doc>
<msg timestamp="20220328 14:37:29.457" level="INFO" html="true">&lt;a href="screenshots/actual-3DMap-Size24-Blue.jpg"&gt;&lt;img src="screenshots/actual-3DMap-Size24-Blue.jpg" width="800px"&gt;&lt;/a&gt;</msg>
<status status="PASS" starttime="20220328 14:37:29.397" endtime="20220328 14:37:29.457"/>
</kw>
<status status="PASS" starttime="20220328 14:37:27.331" endtime="20220328 14:37:29.457"/>
</iter>
<iter>
<var name="${color}">Green</var>
<kw name="Set Color" library="BrowserFunctions">
<arg>${color}</arg>
<kw name="Click" library="Browser">
<arg>${${color}-Color-Button}</arg>
<tag>PageContent</tag>
<tag>Setter</tag>
<doc>Simulates mouse click on the element found by ``selector``.</doc>
<status status="PASS" starttime="20220328 14:37:29.458" endtime="20220328 14:37:29.531"/>
</kw>
<status status="PASS" starttime="20220328 14:37:29.458" endtime="20220328 14:37:29.531"/>
</kw>
<kw name="Sleep" library="BuiltIn">
<arg>2s</arg>
<doc>Pauses the test executed for the given time.</doc>
<msg timestamp="20220328 14:37:31.532" level="INFO">Slept 2 seconds</msg>
<status status="PASS" starttime="20220328 14:37:29.531" endtime="20220328 14:37:31.532"/>
</kw>
<kw name="Take Screenshot" library="Screenshot">
<arg>actual-3DMap-Size24-${color}.jpg</arg>
<doc>Takes a screenshot in JPEG format and embeds it into the log file.</doc>
<msg timestamp="20220328 14:37:31.600" level="INFO" html="true">&lt;a href="screenshots/actual-3DMap-Size24-Green.jpg"&gt;&lt;img src="screenshots/actual-3DMap-Size24-Green.jpg" width="800px"&gt;&lt;/a&gt;</msg>
<status status="PASS" starttime="20220328 14:37:31.532" endtime="20220328 14:37:31.600"/>
</kw>
<status status="PASS" starttime="20220328 14:37:29.458" endtime="20220328 14:37:31.600"/>
</iter>
<iter>
<var name="${color}">Yellow</var>
<kw name="Set Color" library="BrowserFunctions">
<arg>${color}</arg>
<kw name="Click" library="Browser">
<arg>${${color}-Color-Button}</arg>
<tag>PageContent</tag>
<tag>Setter</tag>
<doc>Simulates mouse click on the element found by ``selector``.</doc>
<status status="PASS" starttime="20220328 14:37:31.601" endtime="20220328 14:37:31.671"/>
</kw>
<status status="PASS" starttime="20220328 14:37:31.601" endtime="20220328 14:37:31.672"/>
</kw>
<kw name="Sleep" library="BuiltIn">
<arg>2s</arg>
<doc>Pauses the test executed for the given time.</doc>
<msg timestamp="20220328 14:37:33.672" level="INFO">Slept 2 seconds</msg>
<status status="PASS" starttime="20220328 14:37:31.672" endtime="20220328 14:37:33.673"/>
</kw>
<kw name="Take Screenshot" library="Screenshot">
<arg>actual-3DMap-Size24-${color}.jpg</arg>
<doc>Takes a screenshot in JPEG format and embeds it into the log file.</doc>
<msg timestamp="20220328 14:37:33.744" level="INFO" html="true">&lt;a href="screenshots/actual-3DMap-Size24-Yellow.jpg"&gt;&lt;img src="screenshots/actual-3DMap-Size24-Yellow.jpg" width="800px"&gt;&lt;/a&gt;</msg>
<status status="PASS" starttime="20220328 14:37:33.673" endtime="20220328 14:37:33.744"/>
</kw>
<status status="PASS" starttime="20220328 14:37:31.600" endtime="20220328 14:37:33.745"/>
</iter>
<iter>
<var name="${color}">Orange</var>
<kw name="Set Color" library="BrowserFunctions">
<arg>${color}</arg>
<kw name="Click" library="Browser">
<arg>${${color}-Color-Button}</arg>
<tag>PageContent</tag>
<tag>Setter</tag>
<doc>Simulates mouse click on the element found by ``selector``.</doc>
<status status="PASS" starttime="20220328 14:37:33.746" endtime="20220328 14:37:33.818"/>
</kw>
<status status="PASS" starttime="20220328 14:37:33.745" endtime="20220328 14:37:33.819"/>
</kw>
<kw name="Sleep" library="BuiltIn">
<arg>2s</arg>
<doc>Pauses the test executed for the given time.</doc>
<msg timestamp="20220328 14:37:35.820" level="INFO">Slept 2 seconds</msg>
<status status="PASS" starttime="20220328 14:37:33.819" endtime="20220328 14:37:35.820"/>
</kw>
<kw name="Take Screenshot" library="Screenshot">
<arg>actual-3DMap-Size24-${color}.jpg</arg>
<doc>Takes a screenshot in JPEG format and embeds it into the log file.</doc>
<msg timestamp="20220328 14:37:35.886" level="INFO" html="true">&lt;a href="screenshots/actual-3DMap-Size24-Orange.jpg"&gt;&lt;img src="screenshots/actual-3DMap-Size24-Orange.jpg" width="800px"&gt;&lt;/a&gt;</msg>
<status status="PASS" starttime="20220328 14:37:35.820" endtime="20220328 14:37:35.886"/>
</kw>
<status status="PASS" starttime="20220328 14:37:33.745" endtime="20220328 14:37:35.886"/>
</iter>
<iter>
<var name="${color}">Brown</var>
<kw name="Set Color" library="BrowserFunctions">
<arg>${color}</arg>
<kw name="Click" library="Browser">
<arg>${${color}-Color-Button}</arg>
<tag>PageContent</tag>
<tag>Setter</tag>
<doc>Simulates mouse click on the element found by ``selector``.</doc>
<status status="PASS" starttime="20220328 14:37:35.887" endtime="20220328 14:37:35.955"/>
</kw>
<status status="PASS" starttime="20220328 14:37:35.887" endtime="20220328 14:37:35.955"/>
</kw>
<kw name="Sleep" library="BuiltIn">
<arg>2s</arg>
<doc>Pauses the test executed for the given time.</doc>
<msg timestamp="20220328 14:37:37.956" level="INFO">Slept 2 seconds</msg>
<status status="PASS" starttime="20220328 14:37:35.955" endtime="20220328 14:37:37.956"/>
</kw>
<kw name="Take Screenshot" library="Screenshot">
<arg>actual-3DMap-Size24-${color}.jpg</arg>
<doc>Takes a screenshot in JPEG format and embeds it into the log file.</doc>
<msg timestamp="20220328 14:37:38.018" level="INFO" html="true">&lt;a href="screenshots/actual-3DMap-Size24-Brown.jpg"&gt;&lt;img src="screenshots/actual-3DMap-Size24-Brown.jpg" width="800px"&gt;&lt;/a&gt;</msg>
<status status="PASS" starttime="20220328 14:37:37.956" endtime="20220328 14:37:38.018"/>
</kw>
<status status="PASS" starttime="20220328 14:37:35.886" endtime="20220328 14:37:38.018"/>
</iter>
<iter>
<var name="${color}">Gray</var>
<kw name="Set Color" library="BrowserFunctions">
<arg>${color}</arg>
<kw name="Click" library="Browser">
<arg>${${color}-Color-Button}</arg>
<tag>PageContent</tag>
<tag>Setter</tag>
<doc>Simulates mouse click on the element found by ``selector``.</doc>
<status status="PASS" starttime="20220328 14:37:38.019" endtime="20220328 14:37:38.091"/>
</kw>
<status status="PASS" starttime="20220328 14:37:38.018" endtime="20220328 14:37:38.092"/>
</kw>
<kw name="Sleep" library="BuiltIn">
<arg>2s</arg>
<doc>Pauses the test executed for the given time.</doc>
<msg timestamp="20220328 14:37:40.092" level="INFO">Slept 2 seconds</msg>
<status status="PASS" starttime="20220328 14:37:38.092" endtime="20220328 14:37:40.093"/>
</kw>
<kw name="Take Screenshot" library="Screenshot">
<arg>actual-3DMap-Size24-${color}.jpg</arg>
<doc>Takes a screenshot in JPEG format and embeds it into the log file.</doc>
<msg timestamp="20220328 14:37:40.158" level="INFO" html="true">&lt;a href="screenshots/actual-3DMap-Size24-Gray.jpg"&gt;&lt;img src="screenshots/actual-3DMap-Size24-Gray.jpg" width="800px"&gt;&lt;/a&gt;</msg>
<status status="PASS" starttime="20220328 14:37:40.093" endtime="20220328 14:37:40.158"/>
</kw>
<status status="PASS" starttime="20220328 14:37:38.018" endtime="20220328 14:37:40.158"/>
</iter>
<status status="PASS" starttime="20220328 14:37:20.732" endtime="20220328 14:37:40.158"/>
</for>
<for flavor="IN">
<var>${color}</var>
<value>Red</value>
<value>Pink</value>
<value>Purple</value>
<value>Blue</value>
<value>Green</value>
<value>Yellow</value>
<value>Orange</value>
<value>Brown</value>
<value>Gray</value>
<iter>
<var name="${color}">Red</var>
<kw name="Compare Images" library="DocTest.VisualTest">
<arg>screenshots/CompareBaseline/base-3DMap-Size24-${color}.jpg</arg>
<arg>screenshots/actual-3DMap-Size24-${color}.jpg</arg>
<arg>placeholder_file=masks.json</arg>
<doc>Compares the documents/images ``reference_image`` and ``test_image``.</doc>
<msg timestamp="20220328 14:37:40.898" level="INFO">Identified Masks: [{'page': 'all', 'x': 0, 'y': 0, 'height': 162, 'width': 1920}, {'page': 'all', 'x': 0, 'y': 0, 'height': 1080, 'width': 288}, {'page': 'all', 'x': 1632, 'y': 0, 'height': 1080, 'width': 288}, {'page': 'all', 'x': 0, 'y': 810, 'height': 270, 'width': 1920}]
Compare Image Object created in 0.0286 seconds
Compare Image Object created in 0.0292 seconds</msg>
<msg timestamp="20220328 14:37:40.898" level="INFO" html="true">&lt;a href='screenshots/90ec850e-ae61-11ec-aa9a-5bd48971c6f3_page_1_rectangles_concat.jpg' target='_blank'&gt;&lt;img src='screenshots/90ec850e-ae61-11ec-aa9a-5bd48971c6f3_page_1_rectangles_concat.jpg' style='width:50%; height: auto;'/&gt;&lt;/a&gt;</msg>
<msg timestamp="20220328 14:37:40.898" level="INFO" html="true">&lt;a href='screenshots/90ec850f-ae61-11ec-aa9a-5bd48971c6f3_page_1_blended.jpg' target='_blank'&gt;&lt;img src='screenshots/90ec850f-ae61-11ec-aa9a-5bd48971c6f3_page_1_blended.jpg' style='width:50%; height: auto;'/&gt;&lt;/a&gt;
The compared images are different</msg>
<msg timestamp="20220328 14:37:40.900" level="FAIL">The compared images are different.</msg>
<status status="FAIL" starttime="20220328 14:37:40.159" endtime="20220328 14:37:40.900"/>
</kw>
<status status="FAIL" starttime="20220328 14:37:40.159" endtime="20220328 14:37:40.900"/>
</iter>
<status status="FAIL" starttime="20220328 14:37:40.158" endtime="20220328 14:37:40.901"/>
</for>
<status status="FAIL" starttime="20220328 14:37:05.748" endtime="20220328 14:37:40.901">The compared images are different.</status>
</test>
<status status="FAIL" starttime="20220328 14:37:03.949" endtime="20220328 14:37:40.986"/>
</suite>
<statistics>
<total>
<stat pass="0" fail="1" skip="0">All Tests</stat>
</total>
<tag>
</tag>
<suite>
<stat pass="0" fail="1" skip="0" id="s1" name="005-3DMap-PointCloud-Color">005-3DMap-PointCloud-Color</stat>
</suite>
</statistics>
<errors>
</errors>
</robot>
